 
****************************************
Report : area
Design : reg_file
Version: K-2015.06
Date   : Thu Sep 15 01:18:47 2022
****************************************

Library(s) Used:

    scmetro_tsmc_cl013g_rvt_ss_1p08v_125c (File: /home/IC/std_cells/scmetro_tsmc_cl013g_rvt_ss_1p08v_125c.db)

Number of ports:                           72
Number of nets:                          1623
Number of cells:                         1583
Number of combinational cells:           1039
Number of sequential cells:               544
Number of macros/black boxes:               0
Number of buf/inv:                        339
Number of references:                      20

Combinational area:              11195.124147
Buf/Inv area:                     2201.605734
Noncombinational area:           14308.671875
Macro/Black Box area:                0.000000
Net Interconnect area:          709523.314575

Total cell area:                 25503.796022
Total area:                     735027.110597

Hierarchical area distribution
------------------------------

                                  Global cell area            Local cell area
                                  -------------------  ------------------------------ 
Hierarchical cell                 Absolute    Percent  Combi-      Noncombi-   Black-
                                  Total       Total    national    national    boxes   Design
--------------------------------  ----------  -------  ----------  ----------  ------  ---------
reg_file                          25503.7960    100.0  11195.1241  14308.6719  0.0000  reg_file
--------------------------------  ----------  -------  ----------  ----------  ------  ---------
Total                                                  11195.1241  14308.6719  0.0000

1
